

============================== 2023-01-13 01:35:34.552543 | abb95ecb-889d-4ffb-8c23-cc60ee805c80 ==============================
[0m01:35:34.552551 [info ] [MainThread]: Running with dbt=1.3.2
[0m01:35:34.552798 [debug] [MainThread]: running dbt with arguments {'write_json': True, 'use_colors': True, 'printer_width': 80, 'version_check': True, 'partial_parse': True, 'static_parser': True, 'profiles_dir': '/home/jrlegrand/.dbt', 'send_anonymous_usage_stats': True, 'event_buffer_size': 100000, 'quiet': False, 'no_print': False, 'cache_selected_only': False, 'project_name': 'jaffle_shop', 'skip_profile_setup': False, 'which': 'init', 'indirect_selection': 'eager'}
[0m01:35:34.552892 [debug] [MainThread]: Tracking: tracking
[0m01:35:34.560109 [debug] [MainThread]: Sending event: {'category': 'dbt', 'action': 'invocation', 'label': 'start', 'context': [<snowplow_tracker.self_describing_json.SelfDescribingJson object at 0x7f413bcef8b0>, <snowplow_tracker.self_describing_json.SelfDescribingJson object at 0x7f413bcef8e0>, <snowplow_tracker.self_describing_json.SelfDescribingJson object at 0x7f413bcef7f0>]}
[0m01:35:34.560330 [info ] [MainThread]: Creating dbt configuration folder at /home/jrlegrand/.dbt
[0m01:35:34.560902 [debug] [MainThread]: Starter project path: /home/jrlegrand/dev/dbt-test/venv/lib/python3.8/site-packages/dbt/include/starter_project
[0m01:35:40.844216 [info ] [MainThread]: Profile jaffle_shop written to /home/jrlegrand/.dbt/profiles.yml using target's sample configuration. Once updated, you'll be able to start developing with dbt.
[0m01:35:40.844495 [info ] [MainThread]: 
Your new dbt project "jaffle_shop" was created!

For more information on how to configure the profiles.yml file,
please consult the dbt documentation here:

  https://docs.getdbt.com/docs/configure-your-profile

One more thing:

Need help? Don't hesitate to reach out to us via GitHub issues or on Slack:

  https://community.getdbt.com/

Happy modeling!

[0m01:35:40.844771 [debug] [MainThread]: Sending event: {'category': 'dbt', 'action': 'invocation', 'label': 'end', 'context': [<snowplow_tracker.self_describing_json.SelfDescribingJson object at 0x7f413a500610>, <snowplow_tracker.self_describing_json.SelfDescribingJson object at 0x7f413a500640>, <snowplow_tracker.self_describing_json.SelfDescribingJson object at 0x7f413a500a00>]}
[0m01:35:40.845068 [debug] [MainThread]: Flushing usage events


============================== 2023-01-13 01:47:51.374328 | e01aada1-091b-49a3-80ad-6883ebfa6494 ==============================
[0m01:47:51.374337 [info ] [MainThread]: Running with dbt=1.3.2
[0m01:47:51.374566 [debug] [MainThread]: running dbt with arguments {'write_json': True, 'use_colors': True, 'printer_width': 80, 'version_check': True, 'partial_parse': True, 'static_parser': True, 'profiles_dir': '/home/jrlegrand/.dbt', 'send_anonymous_usage_stats': True, 'event_buffer_size': 100000, 'quiet': False, 'no_print': False, 'cache_selected_only': False, 'config_dir': False, 'which': 'debug', 'indirect_selection': 'eager'}
[0m01:47:51.374662 [debug] [MainThread]: Tracking: tracking
[0m01:47:51.381752 [debug] [MainThread]: Sending event: {'category': 'dbt', 'action': 'invocation', 'label': 'start', 'context': [<snowplow_tracker.self_describing_json.SelfDescribingJson object at 0x7f7b93f8f280>, <snowplow_tracker.self_describing_json.SelfDescribingJson object at 0x7f7b93f8f430>, <snowplow_tracker.self_describing_json.SelfDescribingJson object at 0x7f7b93f8f460>]}
[0m01:47:51.386023 [info ] [MainThread]: Error importing adapter: No module named 'dbt.adapters.bigquery'
[0m01:47:51.386356 [debug] [MainThread]: Executing "git --help"
[0m01:47:51.389061 [debug] [MainThread]: STDOUT: "b"usage: git [--version] [--help] [-C <path>] [-c <name>=<value>]\n           [--exec-path[=<path>]] [--html-path] [--man-path] [--info-path]\n           [-p | --paginate | -P | --no-pager] [--no-replace-objects] [--bare]\n           [--git-dir=<path>] [--work-tree=<path>] [--namespace=<name>]\n           <command> [<args>]\n\nThese are common Git commands used in various situations:\n\nstart a working area (see also: git help tutorial)\n   clone             Clone a repository into a new directory\n   init              Create an empty Git repository or reinitialize an existing one\n\nwork on the current change (see also: git help everyday)\n   add               Add file contents to the index\n   mv                Move or rename a file, a directory, or a symlink\n   restore           Restore working tree files\n   rm                Remove files from the working tree and from the index\n   sparse-checkout   Initialize and modify the sparse-checkout\n\nexamine the history and state (see also: git help revisions)\n   bisect            Use binary search to find the commit that introduced a bug\n   diff              Show changes between commits, commit and working tree, etc\n   grep              Print lines matching a pattern\n   log               Show commit logs\n   show              Show various types of objects\n   status            Show the working tree status\n\ngrow, mark and tweak your common history\n   branch            List, create, or delete branches\n   commit            Record changes to the repository\n   merge             Join two or more development histories together\n   rebase            Reapply commits on top of another base tip\n   reset             Reset current HEAD to the specified state\n   switch            Switch branches\n   tag               Create, list, delete or verify a tag object signed with GPG\n\ncollaborate (see also: git help workflows)\n   fetch             Download objects and refs from another repository\n   pull              Fetch from and integrate with another repository or a local branch\n   push              Update remote refs along with associated objects\n\n'git help -a' and 'git help -g' list available subcommands and some\nconcept guides. See 'git help <command>' or 'git help <concept>'\nto read about a specific subcommand or concept.\nSee 'git help git' for an overview of the system.\n""
[0m01:47:51.389389 [debug] [MainThread]: STDERR: "b''"
[0m01:47:51.389702 [debug] [MainThread]: Sending event: {'category': 'dbt', 'action': 'invocation', 'label': 'end', 'context': [<snowplow_tracker.self_describing_json.SelfDescribingJson object at 0x7f7b93f8f7c0>, <snowplow_tracker.self_describing_json.SelfDescribingJson object at 0x7f7b93f67df0>, <snowplow_tracker.self_describing_json.SelfDescribingJson object at 0x7f7b93f67790>]}
[0m01:47:51.389973 [debug] [MainThread]: Flushing usage events


============================== 2023-01-13 01:48:45.690123 | bbd70744-fdb0-4d05-b2c6-f5ca72bccd9c ==============================
[0m01:48:45.690132 [info ] [MainThread]: Running with dbt=1.3.2
[0m01:48:45.690376 [debug] [MainThread]: running dbt with arguments {'write_json': True, 'use_colors': True, 'printer_width': 80, 'version_check': True, 'partial_parse': True, 'static_parser': True, 'profiles_dir': '/home/jrlegrand/.dbt', 'send_anonymous_usage_stats': True, 'event_buffer_size': 100000, 'quiet': False, 'no_print': False, 'cache_selected_only': False, 'config_dir': False, 'which': 'debug', 'indirect_selection': 'eager'}
[0m01:48:45.690474 [debug] [MainThread]: Tracking: tracking
[0m01:48:45.697554 [debug] [MainThread]: Sending event: {'category': 'dbt', 'action': 'invocation', 'label': 'start', 'context': [<snowplow_tracker.self_describing_json.SelfDescribingJson object at 0x7f17c45cd280>, <snowplow_tracker.self_describing_json.SelfDescribingJson object at 0x7f17c45cd4f0>, <snowplow_tracker.self_describing_json.SelfDescribingJson object at 0x7f17c45cd520>]}
[0m01:48:45.956761 [debug] [MainThread]: Executing "git --help"
[0m01:48:45.962470 [debug] [MainThread]: STDOUT: "b"usage: git [--version] [--help] [-C <path>] [-c <name>=<value>]\n           [--exec-path[=<path>]] [--html-path] [--man-path] [--info-path]\n           [-p | --paginate | -P | --no-pager] [--no-replace-objects] [--bare]\n           [--git-dir=<path>] [--work-tree=<path>] [--namespace=<name>]\n           <command> [<args>]\n\nThese are common Git commands used in various situations:\n\nstart a working area (see also: git help tutorial)\n   clone             Clone a repository into a new directory\n   init              Create an empty Git repository or reinitialize an existing one\n\nwork on the current change (see also: git help everyday)\n   add               Add file contents to the index\n   mv                Move or rename a file, a directory, or a symlink\n   restore           Restore working tree files\n   rm                Remove files from the working tree and from the index\n   sparse-checkout   Initialize and modify the sparse-checkout\n\nexamine the history and state (see also: git help revisions)\n   bisect            Use binary search to find the commit that introduced a bug\n   diff              Show changes between commits, commit and working tree, etc\n   grep              Print lines matching a pattern\n   log               Show commit logs\n   show              Show various types of objects\n   status            Show the working tree status\n\ngrow, mark and tweak your common history\n   branch            List, create, or delete branches\n   commit            Record changes to the repository\n   merge             Join two or more development histories together\n   rebase            Reapply commits on top of another base tip\n   reset             Reset current HEAD to the specified state\n   switch            Switch branches\n   tag               Create, list, delete or verify a tag object signed with GPG\n\ncollaborate (see also: git help workflows)\n   fetch             Download objects and refs from another repository\n   pull              Fetch from and integrate with another repository or a local branch\n   push              Update remote refs along with associated objects\n\n'git help -a' and 'git help -g' list available subcommands and some\nconcept guides. See 'git help <command>' or 'git help <concept>'\nto read about a specific subcommand or concept.\nSee 'git help git' for an overview of the system.\n""
[0m01:48:45.962810 [debug] [MainThread]: STDERR: "b''"
[0m01:48:45.965934 [debug] [MainThread]: Acquiring new bigquery connection "debug"
[0m01:48:45.966400 [debug] [MainThread]: Opening a new connection, currently in state init
[0m01:48:45.966634 [debug] [MainThread]: BigQuery adapter: Got an error when attempting to create a bigquery client: '[Errno 2] No such file or directory: '~/.dbt/dbt-user-creds.json''
[0m01:48:45.967055 [debug] [MainThread]: Sending event: {'category': 'dbt', 'action': 'invocation', 'label': 'end', 'context': [<snowplow_tracker.self_describing_json.SelfDescribingJson object at 0x7f17c26ca880>, <snowplow_tracker.self_describing_json.SelfDescribingJson object at 0x7f17c26ca820>, <snowplow_tracker.self_describing_json.SelfDescribingJson object at 0x7f17c26ca760>]}
[0m01:48:45.967338 [debug] [MainThread]: Flushing usage events
[0m01:49:01.139564 [debug] [MainThread]: Connection 'debug' was properly closed.


============================== 2023-01-13 01:49:56.373220 | 9a84c10d-4c3c-4325-8714-d98702a96bbd ==============================
[0m01:49:56.373229 [info ] [MainThread]: Running with dbt=1.3.2
[0m01:49:56.373469 [debug] [MainThread]: running dbt with arguments {'write_json': True, 'use_colors': True, 'printer_width': 80, 'version_check': True, 'partial_parse': True, 'static_parser': True, 'profiles_dir': '/home/jrlegrand/.dbt', 'send_anonymous_usage_stats': True, 'event_buffer_size': 100000, 'quiet': False, 'no_print': False, 'cache_selected_only': False, 'config_dir': False, 'which': 'debug', 'indirect_selection': 'eager'}
[0m01:49:56.373566 [debug] [MainThread]: Tracking: tracking
[0m01:49:56.380616 [debug] [MainThread]: Sending event: {'category': 'dbt', 'action': 'invocation', 'label': 'start', 'context': [<snowplow_tracker.self_describing_json.SelfDescribingJson object at 0x7f1047911370>, <snowplow_tracker.self_describing_json.SelfDescribingJson object at 0x7f1047911490>, <snowplow_tracker.self_describing_json.SelfDescribingJson object at 0x7f10479114c0>]}
[0m01:49:56.634313 [debug] [MainThread]: Executing "git --help"
[0m01:49:56.637549 [debug] [MainThread]: STDOUT: "b"usage: git [--version] [--help] [-C <path>] [-c <name>=<value>]\n           [--exec-path[=<path>]] [--html-path] [--man-path] [--info-path]\n           [-p | --paginate | -P | --no-pager] [--no-replace-objects] [--bare]\n           [--git-dir=<path>] [--work-tree=<path>] [--namespace=<name>]\n           <command> [<args>]\n\nThese are common Git commands used in various situations:\n\nstart a working area (see also: git help tutorial)\n   clone             Clone a repository into a new directory\n   init              Create an empty Git repository or reinitialize an existing one\n\nwork on the current change (see also: git help everyday)\n   add               Add file contents to the index\n   mv                Move or rename a file, a directory, or a symlink\n   restore           Restore working tree files\n   rm                Remove files from the working tree and from the index\n   sparse-checkout   Initialize and modify the sparse-checkout\n\nexamine the history and state (see also: git help revisions)\n   bisect            Use binary search to find the commit that introduced a bug\n   diff              Show changes between commits, commit and working tree, etc\n   grep              Print lines matching a pattern\n   log               Show commit logs\n   show              Show various types of objects\n   status            Show the working tree status\n\ngrow, mark and tweak your common history\n   branch            List, create, or delete branches\n   commit            Record changes to the repository\n   merge             Join two or more development histories together\n   rebase            Reapply commits on top of another base tip\n   reset             Reset current HEAD to the specified state\n   switch            Switch branches\n   tag               Create, list, delete or verify a tag object signed with GPG\n\ncollaborate (see also: git help workflows)\n   fetch             Download objects and refs from another repository\n   pull              Fetch from and integrate with another repository or a local branch\n   push              Update remote refs along with associated objects\n\n'git help -a' and 'git help -g' list available subcommands and some\nconcept guides. See 'git help <command>' or 'git help <concept>'\nto read about a specific subcommand or concept.\nSee 'git help git' for an overview of the system.\n""
[0m01:49:56.637880 [debug] [MainThread]: STDERR: "b''"
[0m01:49:56.640280 [debug] [MainThread]: Acquiring new bigquery connection "debug"
[0m01:49:56.640755 [debug] [MainThread]: Opening a new connection, currently in state init
[0m01:49:56.640989 [debug] [MainThread]: BigQuery adapter: Got an error when attempting to create a bigquery client: '[Errno 2] No such file or directory: 'dbt-user-creds.json''
[0m01:49:56.641422 [debug] [MainThread]: Sending event: {'category': 'dbt', 'action': 'invocation', 'label': 'end', 'context': [<snowplow_tracker.self_describing_json.SelfDescribingJson object at 0x7f1045a0ea30>, <snowplow_tracker.self_describing_json.SelfDescribingJson object at 0x7f1045a0e9d0>, <snowplow_tracker.self_describing_json.SelfDescribingJson object at 0x7f1045a0e910>]}
[0m01:49:56.641711 [debug] [MainThread]: Flushing usage events
[0m01:50:11.817803 [debug] [MainThread]: Connection 'debug' was properly closed.


============================== 2023-01-13 01:50:47.913115 | a3d5e7f6-aa7f-4f7d-b106-0658dcab4147 ==============================
[0m01:50:47.913125 [info ] [MainThread]: Running with dbt=1.3.2
[0m01:50:47.913399 [debug] [MainThread]: running dbt with arguments {'write_json': True, 'use_colors': True, 'printer_width': 80, 'version_check': True, 'partial_parse': True, 'static_parser': True, 'profiles_dir': '/home/jrlegrand/.dbt', 'send_anonymous_usage_stats': True, 'event_buffer_size': 100000, 'quiet': False, 'no_print': False, 'cache_selected_only': False, 'config_dir': False, 'which': 'debug', 'indirect_selection': 'eager'}
[0m01:50:47.913503 [debug] [MainThread]: Tracking: tracking
[0m01:50:47.921511 [debug] [MainThread]: Sending event: {'category': 'dbt', 'action': 'invocation', 'label': 'start', 'context': [<snowplow_tracker.self_describing_json.SelfDescribingJson object at 0x7f193a2b02b0>, <snowplow_tracker.self_describing_json.SelfDescribingJson object at 0x7f193a2b0520>, <snowplow_tracker.self_describing_json.SelfDescribingJson object at 0x7f193a2b0550>]}
[0m01:50:48.184029 [debug] [MainThread]: Executing "git --help"
[0m01:50:48.187256 [debug] [MainThread]: STDOUT: "b"usage: git [--version] [--help] [-C <path>] [-c <name>=<value>]\n           [--exec-path[=<path>]] [--html-path] [--man-path] [--info-path]\n           [-p | --paginate | -P | --no-pager] [--no-replace-objects] [--bare]\n           [--git-dir=<path>] [--work-tree=<path>] [--namespace=<name>]\n           <command> [<args>]\n\nThese are common Git commands used in various situations:\n\nstart a working area (see also: git help tutorial)\n   clone             Clone a repository into a new directory\n   init              Create an empty Git repository or reinitialize an existing one\n\nwork on the current change (see also: git help everyday)\n   add               Add file contents to the index\n   mv                Move or rename a file, a directory, or a symlink\n   restore           Restore working tree files\n   rm                Remove files from the working tree and from the index\n   sparse-checkout   Initialize and modify the sparse-checkout\n\nexamine the history and state (see also: git help revisions)\n   bisect            Use binary search to find the commit that introduced a bug\n   diff              Show changes between commits, commit and working tree, etc\n   grep              Print lines matching a pattern\n   log               Show commit logs\n   show              Show various types of objects\n   status            Show the working tree status\n\ngrow, mark and tweak your common history\n   branch            List, create, or delete branches\n   commit            Record changes to the repository\n   merge             Join two or more development histories together\n   rebase            Reapply commits on top of another base tip\n   reset             Reset current HEAD to the specified state\n   switch            Switch branches\n   tag               Create, list, delete or verify a tag object signed with GPG\n\ncollaborate (see also: git help workflows)\n   fetch             Download objects and refs from another repository\n   pull              Fetch from and integrate with another repository or a local branch\n   push              Update remote refs along with associated objects\n\n'git help -a' and 'git help -g' list available subcommands and some\nconcept guides. See 'git help <command>' or 'git help <concept>'\nto read about a specific subcommand or concept.\nSee 'git help git' for an overview of the system.\n""
[0m01:50:48.187600 [debug] [MainThread]: STDERR: "b''"
[0m01:50:48.190030 [debug] [MainThread]: Acquiring new bigquery connection "debug"
[0m01:50:48.190552 [debug] [MainThread]: Opening a new connection, currently in state init
[0m01:50:48.190853 [debug] [MainThread]: BigQuery adapter: Got an error when attempting to create a bigquery client: '[Errno 2] No such file or directory: '/.dbt/dbt-user-creds.json''
[0m01:50:48.191414 [debug] [MainThread]: Sending event: {'category': 'dbt', 'action': 'invocation', 'label': 'end', 'context': [<snowplow_tracker.self_describing_json.SelfDescribingJson object at 0x7f19383a9940>, <snowplow_tracker.self_describing_json.SelfDescribingJson object at 0x7f19383a98e0>, <snowplow_tracker.self_describing_json.SelfDescribingJson object at 0x7f19383a9820>]}
[0m01:50:48.191775 [debug] [MainThread]: Flushing usage events
[0m01:51:03.376200 [debug] [MainThread]: Connection 'debug' was properly closed.


============================== 2023-01-13 01:51:34.138366 | 56cf0c80-d0eb-47b4-bc48-db86a091df9d ==============================
[0m01:51:34.138374 [info ] [MainThread]: Running with dbt=1.3.2
[0m01:51:34.138610 [debug] [MainThread]: running dbt with arguments {'write_json': True, 'use_colors': True, 'printer_width': 80, 'version_check': True, 'partial_parse': True, 'static_parser': True, 'profiles_dir': '/home/jrlegrand/.dbt', 'send_anonymous_usage_stats': True, 'event_buffer_size': 100000, 'quiet': False, 'no_print': False, 'cache_selected_only': False, 'config_dir': False, 'which': 'debug', 'indirect_selection': 'eager'}
[0m01:51:34.138711 [debug] [MainThread]: Tracking: tracking
[0m01:51:34.145818 [debug] [MainThread]: Sending event: {'category': 'dbt', 'action': 'invocation', 'label': 'start', 'context': [<snowplow_tracker.self_describing_json.SelfDescribingJson object at 0x7f15215142b0>, <snowplow_tracker.self_describing_json.SelfDescribingJson object at 0x7f1521514520>, <snowplow_tracker.self_describing_json.SelfDescribingJson object at 0x7f1521514550>]}
[0m01:51:34.411816 [debug] [MainThread]: Executing "git --help"
[0m01:51:34.414978 [debug] [MainThread]: STDOUT: "b"usage: git [--version] [--help] [-C <path>] [-c <name>=<value>]\n           [--exec-path[=<path>]] [--html-path] [--man-path] [--info-path]\n           [-p | --paginate | -P | --no-pager] [--no-replace-objects] [--bare]\n           [--git-dir=<path>] [--work-tree=<path>] [--namespace=<name>]\n           <command> [<args>]\n\nThese are common Git commands used in various situations:\n\nstart a working area (see also: git help tutorial)\n   clone             Clone a repository into a new directory\n   init              Create an empty Git repository or reinitialize an existing one\n\nwork on the current change (see also: git help everyday)\n   add               Add file contents to the index\n   mv                Move or rename a file, a directory, or a symlink\n   restore           Restore working tree files\n   rm                Remove files from the working tree and from the index\n   sparse-checkout   Initialize and modify the sparse-checkout\n\nexamine the history and state (see also: git help revisions)\n   bisect            Use binary search to find the commit that introduced a bug\n   diff              Show changes between commits, commit and working tree, etc\n   grep              Print lines matching a pattern\n   log               Show commit logs\n   show              Show various types of objects\n   status            Show the working tree status\n\ngrow, mark and tweak your common history\n   branch            List, create, or delete branches\n   commit            Record changes to the repository\n   merge             Join two or more development histories together\n   rebase            Reapply commits on top of another base tip\n   reset             Reset current HEAD to the specified state\n   switch            Switch branches\n   tag               Create, list, delete or verify a tag object signed with GPG\n\ncollaborate (see also: git help workflows)\n   fetch             Download objects and refs from another repository\n   pull              Fetch from and integrate with another repository or a local branch\n   push              Update remote refs along with associated objects\n\n'git help -a' and 'git help -g' list available subcommands and some\nconcept guides. See 'git help <command>' or 'git help <concept>'\nto read about a specific subcommand or concept.\nSee 'git help git' for an overview of the system.\n""
[0m01:51:34.415304 [debug] [MainThread]: STDERR: "b''"
[0m01:51:34.417830 [debug] [MainThread]: Acquiring new bigquery connection "debug"
[0m01:51:34.418302 [debug] [MainThread]: Opening a new connection, currently in state init
[0m01:51:34.418526 [debug] [MainThread]: BigQuery adapter: Got an error when attempting to create a bigquery client: '[Errno 2] No such file or directory: '/dbt-user-creds.json''
[0m01:51:34.418980 [debug] [MainThread]: Sending event: {'category': 'dbt', 'action': 'invocation', 'label': 'end', 'context': [<snowplow_tracker.self_describing_json.SelfDescribingJson object at 0x7f151f60e6a0>, <snowplow_tracker.self_describing_json.SelfDescribingJson object at 0x7f151f60e640>, <snowplow_tracker.self_describing_json.SelfDescribingJson object at 0x7f151f60e550>]}
[0m01:51:34.419297 [debug] [MainThread]: Flushing usage events
[0m01:51:49.591179 [debug] [MainThread]: Connection 'debug' was properly closed.


============================== 2023-01-13 01:53:26.772669 | c9f740bf-80d1-4696-b950-f158dfefc89a ==============================
[0m01:53:26.772677 [info ] [MainThread]: Running with dbt=1.3.2
[0m01:53:26.772908 [debug] [MainThread]: running dbt with arguments {'write_json': True, 'use_colors': True, 'printer_width': 80, 'version_check': True, 'partial_parse': True, 'static_parser': True, 'profiles_dir': '/home/jrlegrand/.dbt', 'send_anonymous_usage_stats': True, 'event_buffer_size': 100000, 'quiet': False, 'no_print': False, 'cache_selected_only': False, 'config_dir': False, 'which': 'debug', 'indirect_selection': 'eager'}
[0m01:53:26.773000 [debug] [MainThread]: Tracking: tracking
[0m01:53:26.780056 [debug] [MainThread]: Sending event: {'category': 'dbt', 'action': 'invocation', 'label': 'start', 'context': [<snowplow_tracker.self_describing_json.SelfDescribingJson object at 0x7f05e7965370>, <snowplow_tracker.self_describing_json.SelfDescribingJson object at 0x7f05e7965490>, <snowplow_tracker.self_describing_json.SelfDescribingJson object at 0x7f05e79654c0>]}
[0m01:53:27.034350 [debug] [MainThread]: Executing "git --help"
[0m01:53:27.037616 [debug] [MainThread]: STDOUT: "b"usage: git [--version] [--help] [-C <path>] [-c <name>=<value>]\n           [--exec-path[=<path>]] [--html-path] [--man-path] [--info-path]\n           [-p | --paginate | -P | --no-pager] [--no-replace-objects] [--bare]\n           [--git-dir=<path>] [--work-tree=<path>] [--namespace=<name>]\n           <command> [<args>]\n\nThese are common Git commands used in various situations:\n\nstart a working area (see also: git help tutorial)\n   clone             Clone a repository into a new directory\n   init              Create an empty Git repository or reinitialize an existing one\n\nwork on the current change (see also: git help everyday)\n   add               Add file contents to the index\n   mv                Move or rename a file, a directory, or a symlink\n   restore           Restore working tree files\n   rm                Remove files from the working tree and from the index\n   sparse-checkout   Initialize and modify the sparse-checkout\n\nexamine the history and state (see also: git help revisions)\n   bisect            Use binary search to find the commit that introduced a bug\n   diff              Show changes between commits, commit and working tree, etc\n   grep              Print lines matching a pattern\n   log               Show commit logs\n   show              Show various types of objects\n   status            Show the working tree status\n\ngrow, mark and tweak your common history\n   branch            List, create, or delete branches\n   commit            Record changes to the repository\n   merge             Join two or more development histories together\n   rebase            Reapply commits on top of another base tip\n   reset             Reset current HEAD to the specified state\n   switch            Switch branches\n   tag               Create, list, delete or verify a tag object signed with GPG\n\ncollaborate (see also: git help workflows)\n   fetch             Download objects and refs from another repository\n   pull              Fetch from and integrate with another repository or a local branch\n   push              Update remote refs along with associated objects\n\n'git help -a' and 'git help -g' list available subcommands and some\nconcept guides. See 'git help <command>' or 'git help <concept>'\nto read about a specific subcommand or concept.\nSee 'git help git' for an overview of the system.\n""
[0m01:53:27.037940 [debug] [MainThread]: STDERR: "b''"
[0m01:53:27.040340 [debug] [MainThread]: Acquiring new bigquery connection "debug"
[0m01:53:27.040820 [debug] [MainThread]: Opening a new connection, currently in state init
[0m01:53:27.042413 [debug] [MainThread]: On debug: select 1 as id
[0m01:53:27.450180 [error] [MainThread]: BigQuery adapter: https://console.cloud.google.com/bigquery?project=grand-highway-265418&j=bq:US:6a23776a-6a9f-480b-8df2-948bbae9429f&page=queryresults
[0m01:53:27.452818 [debug] [MainThread]: Sending event: {'category': 'dbt', 'action': 'invocation', 'label': 'end', 'context': [<snowplow_tracker.self_describing_json.SelfDescribingJson object at 0x7f05e5a5f3d0>, <snowplow_tracker.self_describing_json.SelfDescribingJson object at 0x7f05e5a5f340>, <snowplow_tracker.self_describing_json.SelfDescribingJson object at 0x7f05e5a5f220>]}
[0m01:53:27.453841 [debug] [MainThread]: Flushing usage events
[0m01:53:42.632008 [debug] [MainThread]: Connection 'debug' was properly closed.


============================== 2023-01-13 01:54:33.396006 | 1f245587-bbf0-47d8-b91f-edeb4650ce64 ==============================
[0m01:54:33.396015 [info ] [MainThread]: Running with dbt=1.3.2
[0m01:54:33.396251 [debug] [MainThread]: running dbt with arguments {'write_json': True, 'use_colors': True, 'printer_width': 80, 'version_check': True, 'partial_parse': True, 'static_parser': True, 'profiles_dir': '/home/jrlegrand/.dbt', 'send_anonymous_usage_stats': True, 'event_buffer_size': 100000, 'quiet': False, 'no_print': False, 'cache_selected_only': False, 'config_dir': False, 'which': 'debug', 'indirect_selection': 'eager'}
[0m01:54:33.396345 [debug] [MainThread]: Tracking: tracking
[0m01:54:33.403489 [debug] [MainThread]: Sending event: {'category': 'dbt', 'action': 'invocation', 'label': 'start', 'context': [<snowplow_tracker.self_describing_json.SelfDescribingJson object at 0x7efe97479370>, <snowplow_tracker.self_describing_json.SelfDescribingJson object at 0x7efe97479490>, <snowplow_tracker.self_describing_json.SelfDescribingJson object at 0x7efe974794c0>]}
[0m01:54:33.663588 [debug] [MainThread]: Executing "git --help"
[0m01:54:33.666811 [debug] [MainThread]: STDOUT: "b"usage: git [--version] [--help] [-C <path>] [-c <name>=<value>]\n           [--exec-path[=<path>]] [--html-path] [--man-path] [--info-path]\n           [-p | --paginate | -P | --no-pager] [--no-replace-objects] [--bare]\n           [--git-dir=<path>] [--work-tree=<path>] [--namespace=<name>]\n           <command> [<args>]\n\nThese are common Git commands used in various situations:\n\nstart a working area (see also: git help tutorial)\n   clone             Clone a repository into a new directory\n   init              Create an empty Git repository or reinitialize an existing one\n\nwork on the current change (see also: git help everyday)\n   add               Add file contents to the index\n   mv                Move or rename a file, a directory, or a symlink\n   restore           Restore working tree files\n   rm                Remove files from the working tree and from the index\n   sparse-checkout   Initialize and modify the sparse-checkout\n\nexamine the history and state (see also: git help revisions)\n   bisect            Use binary search to find the commit that introduced a bug\n   diff              Show changes between commits, commit and working tree, etc\n   grep              Print lines matching a pattern\n   log               Show commit logs\n   show              Show various types of objects\n   status            Show the working tree status\n\ngrow, mark and tweak your common history\n   branch            List, create, or delete branches\n   commit            Record changes to the repository\n   merge             Join two or more development histories together\n   rebase            Reapply commits on top of another base tip\n   reset             Reset current HEAD to the specified state\n   switch            Switch branches\n   tag               Create, list, delete or verify a tag object signed with GPG\n\ncollaborate (see also: git help workflows)\n   fetch             Download objects and refs from another repository\n   pull              Fetch from and integrate with another repository or a local branch\n   push              Update remote refs along with associated objects\n\n'git help -a' and 'git help -g' list available subcommands and some\nconcept guides. See 'git help <command>' or 'git help <concept>'\nto read about a specific subcommand or concept.\nSee 'git help git' for an overview of the system.\n""
[0m01:54:33.667161 [debug] [MainThread]: STDERR: "b''"
[0m01:54:33.669575 [debug] [MainThread]: Acquiring new bigquery connection "debug"
[0m01:54:33.670050 [debug] [MainThread]: Opening a new connection, currently in state init
[0m01:54:33.671636 [debug] [MainThread]: On debug: select 1 as id
[0m01:54:35.045745 [debug] [MainThread]: BigQuery adapter: https://console.cloud.google.com/bigquery?project=plated-mantra-374601&j=bq:3d0feb30-9181-4818-9173-618c2eed3a97:US&page=queryresults
[0m01:54:35.047164 [debug] [MainThread]: Sending event: {'category': 'dbt', 'action': 'invocation', 'label': 'end', 'context': [<snowplow_tracker.self_describing_json.SelfDescribingJson object at 0x7efe955d56d0>, <snowplow_tracker.self_describing_json.SelfDescribingJson object at 0x7efe9557f730>, <snowplow_tracker.self_describing_json.SelfDescribingJson object at 0x7efe9557fe20>]}
[0m01:54:35.048202 [debug] [MainThread]: Flushing usage events
[0m01:54:50.236564 [debug] [MainThread]: Connection 'debug' was properly closed.


============================== 2023-01-13 01:56:36.201015 | 006eb63e-37be-4950-881c-0aa6da9efa05 ==============================
[0m01:56:36.201023 [info ] [MainThread]: Running with dbt=1.3.2
[0m01:56:36.201261 [debug] [MainThread]: running dbt with arguments {'write_json': True, 'use_colors': True, 'printer_width': 80, 'version_check': True, 'partial_parse': True, 'static_parser': True, 'profiles_dir': '/home/jrlegrand/.dbt', 'send_anonymous_usage_stats': True, 'event_buffer_size': 100000, 'quiet': False, 'no_print': False, 'cache_selected_only': False, 'config_dir': False, 'which': 'debug', 'indirect_selection': 'eager'}
[0m01:56:36.201356 [debug] [MainThread]: Tracking: tracking
[0m01:56:36.208437 [debug] [MainThread]: Sending event: {'category': 'dbt', 'action': 'invocation', 'label': 'start', 'context': [<snowplow_tracker.self_describing_json.SelfDescribingJson object at 0x7f50c9a79310>, <snowplow_tracker.self_describing_json.SelfDescribingJson object at 0x7f50c9a79580>, <snowplow_tracker.self_describing_json.SelfDescribingJson object at 0x7f50c9a79460>]}
[0m01:56:36.462201 [debug] [MainThread]: Executing "git --help"
[0m01:56:36.465416 [debug] [MainThread]: STDOUT: "b"usage: git [--version] [--help] [-C <path>] [-c <name>=<value>]\n           [--exec-path[=<path>]] [--html-path] [--man-path] [--info-path]\n           [-p | --paginate | -P | --no-pager] [--no-replace-objects] [--bare]\n           [--git-dir=<path>] [--work-tree=<path>] [--namespace=<name>]\n           <command> [<args>]\n\nThese are common Git commands used in various situations:\n\nstart a working area (see also: git help tutorial)\n   clone             Clone a repository into a new directory\n   init              Create an empty Git repository or reinitialize an existing one\n\nwork on the current change (see also: git help everyday)\n   add               Add file contents to the index\n   mv                Move or rename a file, a directory, or a symlink\n   restore           Restore working tree files\n   rm                Remove files from the working tree and from the index\n   sparse-checkout   Initialize and modify the sparse-checkout\n\nexamine the history and state (see also: git help revisions)\n   bisect            Use binary search to find the commit that introduced a bug\n   diff              Show changes between commits, commit and working tree, etc\n   grep              Print lines matching a pattern\n   log               Show commit logs\n   show              Show various types of objects\n   status            Show the working tree status\n\ngrow, mark and tweak your common history\n   branch            List, create, or delete branches\n   commit            Record changes to the repository\n   merge             Join two or more development histories together\n   rebase            Reapply commits on top of another base tip\n   reset             Reset current HEAD to the specified state\n   switch            Switch branches\n   tag               Create, list, delete or verify a tag object signed with GPG\n\ncollaborate (see also: git help workflows)\n   fetch             Download objects and refs from another repository\n   pull              Fetch from and integrate with another repository or a local branch\n   push              Update remote refs along with associated objects\n\n'git help -a' and 'git help -g' list available subcommands and some\nconcept guides. See 'git help <command>' or 'git help <concept>'\nto read about a specific subcommand or concept.\nSee 'git help git' for an overview of the system.\n""
[0m01:56:36.465775 [debug] [MainThread]: STDERR: "b''"
[0m01:56:36.468177 [debug] [MainThread]: Acquiring new bigquery connection "debug"
[0m01:56:36.468642 [debug] [MainThread]: Opening a new connection, currently in state init
[0m01:56:36.470185 [debug] [MainThread]: On debug: select 1 as id
[0m01:56:37.535142 [debug] [MainThread]: BigQuery adapter: https://console.cloud.google.com/bigquery?project=plated-mantra-374601&j=bq:8d608c50-5ce5-4ca9-95c4-364159da6891:US&page=queryresults
[0m01:56:37.536631 [debug] [MainThread]: Sending event: {'category': 'dbt', 'action': 'invocation', 'label': 'end', 'context': [<snowplow_tracker.self_describing_json.SelfDescribingJson object at 0x7f50c7b6e460>, <snowplow_tracker.self_describing_json.SelfDescribingJson object at 0x7f50c7b6e6a0>, <snowplow_tracker.self_describing_json.SelfDescribingJson object at 0x7f50c7b6e910>]}
[0m01:56:37.537697 [debug] [MainThread]: Flushing usage events
[0m01:56:52.728178 [debug] [MainThread]: Connection 'debug' was properly closed.


============================== 2023-01-13 01:57:27.178431 | 88d9e10c-1326-4db4-a8f9-c20d8e9a9c53 ==============================
[0m01:57:27.178441 [info ] [MainThread]: Running with dbt=1.3.2
[0m01:57:27.178692 [debug] [MainThread]: running dbt with arguments {'write_json': True, 'use_colors': True, 'printer_width': 80, 'version_check': True, 'partial_parse': True, 'static_parser': True, 'profiles_dir': '/home/jrlegrand/.dbt', 'send_anonymous_usage_stats': True, 'event_buffer_size': 100000, 'quiet': False, 'no_print': False, 'cache_selected_only': False, 'config_dir': False, 'which': 'debug', 'indirect_selection': 'eager'}
[0m01:57:27.178789 [debug] [MainThread]: Tracking: tracking
[0m01:57:27.187054 [debug] [MainThread]: Sending event: {'category': 'dbt', 'action': 'invocation', 'label': 'start', 'context': [<snowplow_tracker.self_describing_json.SelfDescribingJson object at 0x7fa67b73c2b0>, <snowplow_tracker.self_describing_json.SelfDescribingJson object at 0x7fa67b73c520>, <snowplow_tracker.self_describing_json.SelfDescribingJson object at 0x7fa67b73c550>]}
[0m01:57:27.449247 [debug] [MainThread]: Executing "git --help"
[0m01:57:27.452492 [debug] [MainThread]: STDOUT: "b"usage: git [--version] [--help] [-C <path>] [-c <name>=<value>]\n           [--exec-path[=<path>]] [--html-path] [--man-path] [--info-path]\n           [-p | --paginate | -P | --no-pager] [--no-replace-objects] [--bare]\n           [--git-dir=<path>] [--work-tree=<path>] [--namespace=<name>]\n           <command> [<args>]\n\nThese are common Git commands used in various situations:\n\nstart a working area (see also: git help tutorial)\n   clone             Clone a repository into a new directory\n   init              Create an empty Git repository or reinitialize an existing one\n\nwork on the current change (see also: git help everyday)\n   add               Add file contents to the index\n   mv                Move or rename a file, a directory, or a symlink\n   restore           Restore working tree files\n   rm                Remove files from the working tree and from the index\n   sparse-checkout   Initialize and modify the sparse-checkout\n\nexamine the history and state (see also: git help revisions)\n   bisect            Use binary search to find the commit that introduced a bug\n   diff              Show changes between commits, commit and working tree, etc\n   grep              Print lines matching a pattern\n   log               Show commit logs\n   show              Show various types of objects\n   status            Show the working tree status\n\ngrow, mark and tweak your common history\n   branch            List, create, or delete branches\n   commit            Record changes to the repository\n   merge             Join two or more development histories together\n   rebase            Reapply commits on top of another base tip\n   reset             Reset current HEAD to the specified state\n   switch            Switch branches\n   tag               Create, list, delete or verify a tag object signed with GPG\n\ncollaborate (see also: git help workflows)\n   fetch             Download objects and refs from another repository\n   pull              Fetch from and integrate with another repository or a local branch\n   push              Update remote refs along with associated objects\n\n'git help -a' and 'git help -g' list available subcommands and some\nconcept guides. See 'git help <command>' or 'git help <concept>'\nto read about a specific subcommand or concept.\nSee 'git help git' for an overview of the system.\n""
[0m01:57:27.452819 [debug] [MainThread]: STDERR: "b''"
[0m01:57:27.455208 [debug] [MainThread]: Acquiring new bigquery connection "debug"
[0m01:57:27.455680 [debug] [MainThread]: Opening a new connection, currently in state init
[0m01:57:27.457238 [debug] [MainThread]: On debug: select 1 as id
[0m01:57:28.385292 [debug] [MainThread]: BigQuery adapter: https://console.cloud.google.com/bigquery?project=plated-mantra-374601&j=bq:2f447bd7-a832-4b5b-8d28-b8321361ab38:US&page=queryresults
[0m01:57:28.385967 [debug] [MainThread]: Sending event: {'category': 'dbt', 'action': 'invocation', 'label': 'end', 'context': [<snowplow_tracker.self_describing_json.SelfDescribingJson object at 0x7fa679838130>, <snowplow_tracker.self_describing_json.SelfDescribingJson object at 0x7fa679838640>, <snowplow_tracker.self_describing_json.SelfDescribingJson object at 0x7fa679838a60>]}
[0m01:57:28.386473 [debug] [MainThread]: Flushing usage events
[0m01:57:43.560805 [debug] [MainThread]: Connection 'debug' was properly closed.
